<?xml version="1.0" encoding="UTF-8"?>
<testsuite name="Task.Types.AppTest" tests="1" skipped="0" failures="0" errors="0" timestamp="2023-10-27T12:10:14" hostname="ribon" time="0.007">
  <properties/>
  <testcase name="testAppHasAGreeting" classname="Task.Types.AppTest" time="0.007"/>
  <system-out><![CDATA[]]></system-out>
  <system-err><![CDATA[]]></system-err>
</testsuite>
